This is pdfTeX, Version 3.141592653-2.6-1.40.24 (MiKTeX 22.8.28) (preloaded format=pdflatex 2022.9.13)  13 SEP 2022 13:27
entering extended mode
 restricted \write18 enabled.
 %&-line parsing enabled.
**./feladat4.tex
(feladat4.tex
LaTeX2e <2022-06-01> patch level 5
L3 programming layer <2022-08-30>
(C:\Users\Diak\AppData\Local\Programs\MiKTeX\tex/latex/base\article.cls
Document Class: article 2021/10/04 v1.4n Standard LaTeX document class
(C:\Users\Diak\AppData\Local\Programs\MiKTeX\tex/latex/base\size10.clo
File: size10.clo 2021/10/04 v1.4n Standard LaTeX file (size option)
)
\c@part=\count185
\c@section=\count186
\c@subsection=\count187
\c@subsubsection=\count188
\c@paragraph=\count189
\c@subparagraph=\count190
\c@figure=\count191
\c@table=\count192
\abovecaptionskip=\skip47
\belowcaptionskip=\skip48
\bibindent=\dimen138
)
(C:\Users\Diak\AppData\Local\Programs\MiKTeX\tex/generic/babel\babel.sty
Package: babel 2022/08/29 3.79 The Babel package
\babel@savecnt=\count193
\U@D=\dimen139
\l@unhyphenated=\language79

(C:\Users\Diak\AppData\Local\Programs\MiKTeX\tex/generic/babel\txtbabel.def)
\bbl@readstream=\read2
\bbl@dirlevel=\count194

*************************************
* Local config file bblopts.cfg used
*
(C:\Users\Diak\AppData\Local\Programs\MiKTeX\tex/latex/arabi\bblopts.cfg
File: bblopts.cfg 2005/09/08 v0.1 add Arabic and Farsi to "declared" options of
 babel
)
(C:\Users\Diak\AppData\Local\Programs\MiKTeX\tex/latex/babel-hungarian\magyar.l
df
Language: magyar 2019/01/14 v1.5c Magyar (Hungarian) support for babel
Package babel Info: Making ` an active character on input line 2819.
\c@footnote@add=\count195
\c@footnote@ch=\count196
))
(C:\Users\Diak\AppData\Local\Programs\MiKTeX\tex/generic/babel/locale/hu\babel-
magyar.tex
Package babel Info: Importing font and identification data for magyar
(babel)             from babel-hu.ini. Reported on input line 11.
)
(C:\Users\Diak\AppData\Local\Programs\MiKTeX\tex/latex/base\t1enc.sty
Package: t1enc 1994/06/01 Standard LaTeX package
)
(C:\Users\Diak\AppData\Local\Programs\MiKTeX\tex/latex/hulipsum\hulipsum.sty
Package: hulipsum 2020/11/03 v1.1 Hungarian dummy text (Lorum ipse)
\c@hulipsum@count=\count197
)
(C:\Users\Diak\AppData\Local\Programs\MiKTeX\tex/latex/geometry\geometry.sty
Package: geometry 2020/01/02 v5.9 Page Geometry

(C:\Users\Diak\AppData\Local\Programs\MiKTeX\tex/latex/graphics\keyval.sty
Package: keyval 2022/05/29 v1.15 key=value parser (DPC)
\KV@toks@=\toks16
)
(C:\Users\Diak\AppData\Local\Programs\MiKTeX\tex/generic/iftex\ifvtex.sty
Package: ifvtex 2019/10/25 v1.7 ifvtex legacy package. Use iftex instead.

(C:\Users\Diak\AppData\Local\Programs\MiKTeX\tex/generic/iftex\iftex.sty
Package: iftex 2022/02/03 v1.0f TeX engine tests
))
\Gm@cnth=\count198
\Gm@cntv=\count199
\c@Gm@tempcnt=\count266
\Gm@bindingoffset=\dimen140
\Gm@wd@mp=\dimen141
\Gm@odd@mp=\dimen142
\Gm@even@mp=\dimen143
\Gm@layoutwidth=\dimen144
\Gm@layoutheight=\dimen145
\Gm@layouthoffset=\dimen146
\Gm@layoutvoffset=\dimen147
\Gm@dimlist=\toks17

(C:\Users\Diak\AppData\Local\Programs\MiKTeX\tex/latex/geometry\geometry.cfg))
(C:\Users\Diak\AppData\Local\Programs\MiKTeX\tex/latex/l3backend\l3backend-pdft
ex.def
File: l3backend-pdftex.def 2022-08-30 L3 backend support: PDF output (pdfTeX)
\l__color_backend_stack_int=\count267
\l__pdf_internal_box=\box51
) (feladat4.aux)
\openout1 = `feladat4.aux'.

LaTeX Font Info:    Checking defaults for OML/cmm/m/it on input line 17.
LaTeX Font Info:    ... okay on input line 17.
LaTeX Font Info:    Checking defaults for OMS/cmsy/m/n on input line 17.
LaTeX Font Info:    ... okay on input line 17.
LaTeX Font Info:    Checking defaults for OT1/cmr/m/n on input line 17.
LaTeX Font Info:    ... okay on input line 17.
LaTeX Font Info:    Checking defaults for T1/cmr/m/n on input line 17.
LaTeX Font Info:    ... okay on input line 17.
LaTeX Font Info:    Checking defaults for TS1/cmr/m/n on input line 17.
LaTeX Font Info:    ... okay on input line 17.
LaTeX Font Info:    Checking defaults for OMX/cmex/m/n on input line 17.
LaTeX Font Info:    ... okay on input line 17.
LaTeX Font Info:    Checking defaults for U/cmr/m/n on input line 17.
LaTeX Font Info:    ... okay on input line 17.

*geometry* driver: auto-detecting
*geometry* detected driver: pdftex
*geometry* verbose mode - [ preamble ] result:
* driver: pdftex
* paper: <default>
* layout: <same size as paper>
* layoutoffset:(h,v)=(0.0pt,0.0pt)
* bindingoffset: 28.45274pt
* modes: twoside 
* h-part:(L,W,R)=(142.26378pt, 301.3147pt, 142.26378pt)
* v-part:(T,H,B)=(85.35826pt, 624.25346pt, 85.35826pt)
* \paperwidth=614.295pt
* \paperheight=794.96999pt
* \textwidth=301.3147pt
* \textheight=624.25346pt
* \oddsidemargin=98.44653pt
* \evensidemargin=69.99379pt
* \topmargin=-23.91173pt
* \headheight=12.0pt
* \headsep=25.0pt
* \topskip=10.0pt
* \footskip=30.0pt
* \marginparwidth=85.35826pt
* \marginparsep=14.22636pt
* \columnsep=10.0pt
* \skip\footins=9.0pt plus 4.0pt minus 2.0pt
* \hoffset=0.0pt
* \voffset=0.0pt
* \mag=1000
* \@twocolumnfalse
* \@twosidetrue
* \@mparswitchtrue
* \@reversemarginfalse
* (1in=72.27pt=25.4mm, 1cm=28.453pt)

(C:\Users\Diak\AppData\Local\Programs\MiKTeX\tex/latex/base\article.cls
LaTeX Info: Redefining \cal on input line 497.
LaTeX Info: Redefining \mit on input line 498.
)
LaTeX Font Info:    External font `cmex10' loaded for size
(Font)              <12> on input line 20.
LaTeX Font Info:    External font `cmex10' loaded for size
(Font)              <8> on input line 20.
LaTeX Font Info:    External font `cmex10' loaded for size
(Font)              <6> on input line 20.
LaTeX Font Info:    External font `cmex10' loaded for size
(Font)              <9> on input line 23.
LaTeX Font Info:    External font `cmex10' loaded for size
(Font)              <5> on input line 23.

(feladat4.toc
LaTeX Font Info:    External font `cmex10' loaded for size
(Font)              <7> on input line 2.
)
\tf@toc=\write3
\openout3 = `feladat4.toc'.

 [1


{C:/Users/Diak/AppData/Local/MiKTeX/fonts/map/pdftex/pdftex.map}] [1

] [2] [3] [4]
Underfull \hbox (badness 10000) in paragraph at lines 62--63

 []

[5] (feladat4.aux) ) 
Here is how much of TeX's memory you used:
 3252 strings out of 475389
 59006 string characters out of 2777472
 584342 words of memory out of 3000000
 24638 multiletter control sequences out of 15000+600000
 481708 words of font info for 52 fonts, out of 8000000 for 9000
 1141 hyphenation exceptions out of 8191
 55i,8n,62p,1873b,365s stack positions out of 10000i,1000n,20000p,200000b,80000s
 <C:\Users\Diak\AppData\Local\MiKTeX\fonts/pk/ljfour/jknapp
en/ec/dpi600\ecbx1200.pk> <C:\Users\Diak\AppData\Local\MiKTeX\fonts/pk/ljfour/j
knappen/ec/dpi600\ecrm0800.pk> <C:\Users\Diak\AppData\Local\MiKTeX\fonts/pk/ljf
our/jknappen/ec/dpi600\ecrm1000.pk> <C:\Users\Diak\AppData\Local\MiKTeX\fonts/p
k/ljfour/jknappen/ec/dpi600\ecbx1000.pk> <C:\Users\Diak\AppData\Local\MiKTeX\fo
nts/pk/ljfour/jknappen/ec/dpi600\ecbx1440.pk> <C:\Users\Diak\AppData\Local\MiKT
eX\fonts/pk/ljfour/jknappen/ec/dpi600\tcrm0600.pk> <C:\Users\Diak\AppData\Local
\MiKTeX\fonts/pk/ljfour/jknappen/ec/dpi600\ecrm0900.pk> <C:\Users\Diak\AppData\
Local\MiKTeX\fonts/pk/ljfour/jknappen/ec/dpi600\ecbx0900.pk> <C:\Users\Diak\App
Data\Local\MiKTeX\fonts/pk/ljfour/jknappen/ec/dpi600\ecrm1200.pk> <C:\Users\Dia
k\AppData\Local\MiKTeX\fonts/pk/ljfour/jknappen/ec/dpi600\ecrm1728.pk>
Output written on feladat4.pdf (6 pages, 103381 bytes).
PDF statistics:
 301 PDF objects out of 1000 (max. 8388607)
 0 named destinations out of 1000 (max. 500000)
 1 words of extra memory for PDF output out of 10000 (max. 10000000)

